{"/Users/tristadahleen/meet/src/App.js": {"path":"/Users/tristadahleen/meet/src/App.js","statementMap":{"0":{"start":{"line":16,"column":4},"end":{"line":16,"column":24}},"1":{"start":{"line":17,"column":4},"end":{"line":21,"column":7}},"2":{"start":{"line":18,"column":6},"end":{"line":20,"column":6}},"3":{"start":{"line":19,"column":6},"end":{"line":19,"column":69}},"4":{"start":{"line":25,"column":4},"end":{"line":25,"column":25}},"5":{"start":{"line":29,"column":4},"end":{"line":34,"column":6}},"6":{"start":{"line":38,"column":4},"end":{"line":50,"column":7}},"7":{"start":{"line":40,"column":8},"end":{"line":42,"column":65}},"8":{"start":{"line":42,"column":37},"end":{"line":42,"column":64}},"9":{"start":{"line":43,"column":6},"end":{"line":49,"column":7}},"10":{"start":{"line":44,"column":8},"end":{"line":48,"column":11}},"11":{"start":{"line":55,"column":4},"end":{"line":61,"column":6}}},"fnMap":{"0":{"name":"(anonymous_0)","decl":{"start":{"line":15,"column":2},"end":{"line":15,"column":3}},"loc":{"start":{"line":15,"column":22},"end":{"line":22,"column":3}},"line":15},"1":{"name":"(anonymous_1)","decl":{"start":{"line":17,"column":21},"end":{"line":17,"column":22}},"loc":{"start":{"line":17,"column":33},"end":{"line":21,"column":5}},"line":17},"2":{"name":"(anonymous_2)","decl":{"start":{"line":24,"column":2},"end":{"line":24,"column":3}},"loc":{"start":{"line":24,"column":25},"end":{"line":26,"column":3}},"line":24},"3":{"name":"(anonymous_3)","decl":{"start":{"line":28,"column":25},"end":{"line":28,"column":26}},"loc":{"start":{"line":28,"column":45},"end":{"line":35,"column":3}},"line":28},"4":{"name":"(anonymous_4)","decl":{"start":{"line":37,"column":17},"end":{"line":37,"column":18}},"loc":{"start":{"line":37,"column":43},"end":{"line":51,"column":3}},"line":37},"5":{"name":"(anonymous_5)","decl":{"start":{"line":38,"column":21},"end":{"line":38,"column":22}},"loc":{"start":{"line":38,"column":33},"end":{"line":50,"column":5}},"line":38},"6":{"name":"(anonymous_6)","decl":{"start":{"line":42,"column":26},"end":{"line":42,"column":27}},"loc":{"start":{"line":42,"column":37},"end":{"line":42,"column":64}},"line":42},"7":{"name":"(anonymous_7)","decl":{"start":{"line":54,"column":2},"end":{"line":54,"column":3}},"loc":{"start":{"line":54,"column":11},"end":{"line":62,"column":3}},"line":54}},"branchMap":{"0":{"loc":{"start":{"line":18,"column":6},"end":{"line":20,"column":6}},"type":"if","locations":[{"start":{"line":18,"column":6},"end":{"line":20,"column":6}},{"start":{"line":18,"column":6},"end":{"line":20,"column":6}}],"line":18},"1":{"loc":{"start":{"line":40,"column":8},"end":{"line":42,"column":65}},"type":"cond-expr","locations":[{"start":{"line":41,"column":12},"end":{"line":41,"column":18}},{"start":{"line":42,"column":12},"end":{"line":42,"column":65}}],"line":40},"2":{"loc":{"start":{"line":43,"column":6},"end":{"line":49,"column":7}},"type":"if","locations":[{"start":{"line":43,"column":6},"end":{"line":49,"column":7}},{"start":{"line":43,"column":6},"end":{"line":49,"column":7}}],"line":43}},"s":{"0":6,"1":6,"2":6,"3":3,"4":5,"5":0,"6":2,"7":2,"8":2,"9":2,"10":2,"11":11},"f":{"0":6,"1":6,"2":5,"3":0,"4":2,"5":2,"6":2,"7":11},"b":{"0":[3,3],"1":[1,1],"2":[2,0]},"_coverageSchema":"332fd63041d2c1bcb487cc26dd0d5f7d97098a6c","hash":"17e68d5351c011bab3a410f3912de2e26e0147b2"}
,"/Users/tristadahleen/meet/src/CitySearch.js": {"path":"/Users/tristadahleen/meet/src/CitySearch.js","statementMap":{"0":{"start":{"line":10,"column":18},"end":{"line":10,"column":36}},"1":{"start":{"line":11,"column":24},"end":{"line":13,"column":6}},"2":{"start":{"line":12,"column":6},"end":{"line":12,"column":70}},"3":{"start":{"line":14,"column":4},"end":{"line":17,"column":7}},"4":{"start":{"line":21,"column":4},"end":{"line":24,"column":7}},"5":{"start":{"line":25,"column":4},"end":{"line":25,"column":40}},"6":{"start":{"line":29,"column":4},"end":{"line":57,"column":6}},"7":{"start":{"line":37,"column":12},"end":{"line":37,"column":53}},"8":{"start":{"line":45,"column":12},"end":{"line":50,"column":17}},"9":{"start":{"line":47,"column":29},"end":{"line":47,"column":63}},"10":{"start":{"line":52,"column":29},"end":{"line":52,"column":58}}},"fnMap":{"0":{"name":"(anonymous_0)","decl":{"start":{"line":9,"column":23},"end":{"line":9,"column":24}},"loc":{"start":{"line":9,"column":34},"end":{"line":18,"column":3}},"line":9},"1":{"name":"(anonymous_1)","decl":{"start":{"line":11,"column":52},"end":{"line":11,"column":53}},"loc":{"start":{"line":11,"column":66},"end":{"line":13,"column":5}},"line":11},"2":{"name":"(anonymous_2)","decl":{"start":{"line":20,"column":22},"end":{"line":20,"column":23}},"loc":{"start":{"line":20,"column":38},"end":{"line":26,"column":3}},"line":20},"3":{"name":"(anonymous_3)","decl":{"start":{"line":28,"column":2},"end":{"line":28,"column":3}},"loc":{"start":{"line":28,"column":11},"end":{"line":58,"column":3}},"line":28},"4":{"name":"(anonymous_4)","decl":{"start":{"line":36,"column":19},"end":{"line":36,"column":20}},"loc":{"start":{"line":36,"column":25},"end":{"line":38,"column":11}},"line":36},"5":{"name":"(anonymous_5)","decl":{"start":{"line":44,"column":38},"end":{"line":44,"column":39}},"loc":{"start":{"line":45,"column":12},"end":{"line":50,"column":17}},"line":45},"6":{"name":"(anonymous_6)","decl":{"start":{"line":47,"column":23},"end":{"line":47,"column":24}},"loc":{"start":{"line":47,"column":29},"end":{"line":47,"column":63}},"line":47},"7":{"name":"(anonymous_7)","decl":{"start":{"line":52,"column":23},"end":{"line":52,"column":24}},"loc":{"start":{"line":52,"column":29},"end":{"line":52,"column":58}},"line":52}},"branchMap":{"0":{"loc":{"start":{"line":42,"column":17},"end":{"line":42,"column":70}},"type":"cond-expr","locations":[{"start":{"line":42,"column":46},"end":{"line":42,"column":48}},{"start":{"line":42,"column":51},"end":{"line":42,"column":70}}],"line":42}},"s":{"0":2,"1":2,"2":4,"3":2,"4":4,"5":4,"6":24,"7":1,"8":18,"9":2,"10":1},"f":{"0":2,"1":4,"2":4,"3":24,"4":1,"5":18,"6":2,"7":1},"b":{"0":[2,22]},"_coverageSchema":"332fd63041d2c1bcb487cc26dd0d5f7d97098a6c","hash":"2ce9173590bbdaa3e80a029ca2a13a4ee069d70f"}
,"/Users/tristadahleen/meet/src/Event.js": {"path":"/Users/tristadahleen/meet/src/Event.js","statementMap":{"0":{"start":{"line":9,"column":4},"end":{"line":11,"column":7}},"1":{"start":{"line":15,"column":20},"end":{"line":15,"column":30}},"2":{"start":{"line":16,"column":24},"end":{"line":16,"column":34}},"3":{"start":{"line":17,"column":2},"end":{"line":49,"column":3}}},"fnMap":{"0":{"name":"(anonymous_0)","decl":{"start":{"line":8,"column":16},"end":{"line":8,"column":17}},"loc":{"start":{"line":8,"column":22},"end":{"line":12,"column":3}},"line":8},"1":{"name":"(anonymous_1)","decl":{"start":{"line":14,"column":0},"end":{"line":14,"column":1}},"loc":{"start":{"line":14,"column":9},"end":{"line":50,"column":1}},"line":14}},"branchMap":{"0":{"loc":{"start":{"line":29,"column":16},"end":{"line":29,"column":43}},"type":"cond-expr","locations":[{"start":{"line":29,"column":28},"end":{"line":29,"column":34}},{"start":{"line":29,"column":37},"end":{"line":29,"column":43}}],"line":29},"1":{"loc":{"start":{"line":32,"column":3},"end":{"line":32,"column":46}},"type":"cond-expr","locations":[{"start":{"line":32,"column":15},"end":{"line":32,"column":29}},{"start":{"line":32,"column":32},"end":{"line":32,"column":46}}],"line":32},"2":{"loc":{"start":{"line":35,"column":1},"end":{"line":46,"column":6}},"type":"binary-expr","locations":[{"start":{"line":35,"column":1},"end":{"line":35,"column":11}},{"start":{"line":36,"column":0},"end":{"line":46,"column":6}}],"line":35},"3":{"loc":{"start":{"line":36,"column":33},"end":{"line":36,"column":71}},"type":"cond-expr","locations":[{"start":{"line":36,"column":56},"end":{"line":36,"column":62}},{"start":{"line":36,"column":65},"end":{"line":36,"column":71}}],"line":36}},"s":{"0":2,"1":12,"2":12,"3":12},"f":{"0":2,"1":12},"b":{"0":[10,2],"1":[10,2],"2":[12,2],"3":[0,2]},"_coverageSchema":"332fd63041d2c1bcb487cc26dd0d5f7d97098a6c","hash":"4f51ab26379272817a04cdb51f5a30b7d1c203c4"}
,"/Users/tristadahleen/meet/src/EventList.js": {"path":"/Users/tristadahleen/meet/src/EventList.js","statementMap":{"0":{"start":{"line":6,"column":23},"end":{"line":6,"column":33}},"1":{"start":{"line":7,"column":4},"end":{"line":15,"column":6}},"2":{"start":{"line":10,"column":10},"end":{"line":12,"column":15}}},"fnMap":{"0":{"name":"(anonymous_0)","decl":{"start":{"line":5,"column":2},"end":{"line":5,"column":3}},"loc":{"start":{"line":5,"column":11},"end":{"line":16,"column":3}},"line":5},"1":{"name":"(anonymous_1)","decl":{"start":{"line":9,"column":20},"end":{"line":9,"column":21}},"loc":{"start":{"line":10,"column":10},"end":{"line":12,"column":15}},"line":10}},"branchMap":{},"s":{"0":10,"1":10,"2":9},"f":{"0":10,"1":9},"b":{},"_coverageSchema":"332fd63041d2c1bcb487cc26dd0d5f7d97098a6c","hash":"2091118353f6752f860b80a558d58c090ea64bad"}
,"/Users/tristadahleen/meet/src/NumberOfEvents.js": {"path":"/Users/tristadahleen/meet/src/NumberOfEvents.js","statementMap":{"0":{"start":{"line":9,"column":23},"end":{"line":9,"column":41}},"1":{"start":{"line":10,"column":8},"end":{"line":12,"column":13}},"2":{"start":{"line":19,"column":6},"end":{"line":29,"column":7}}},"fnMap":{"0":{"name":"(anonymous_0)","decl":{"start":{"line":8,"column":27},"end":{"line":8,"column":28}},"loc":{"start":{"line":8,"column":38},"end":{"line":14,"column":5}},"line":8},"1":{"name":"(anonymous_1)","decl":{"start":{"line":18,"column":4},"end":{"line":18,"column":5}},"loc":{"start":{"line":18,"column":13},"end":{"line":30,"column":2}},"line":18}},"branchMap":{},"s":{"0":1,"1":1,"2":12},"f":{"0":1,"1":12},"b":{},"_coverageSchema":"332fd63041d2c1bcb487cc26dd0d5f7d97098a6c","hash":"aae3916a174e3f65788ccb95e39a4a2ee2bca54e"}
,"/Users/tristadahleen/meet/src/api.js": {"path":"/Users/tristadahleen/meet/src/api.js","statementMap":{"0":{"start":{"line":5,"column":32},"end":{"line":9,"column":1}},"1":{"start":{"line":6,"column":27},"end":{"line":6,"column":64}},"2":{"start":{"line":6,"column":49},"end":{"line":6,"column":63}},"3":{"start":{"line":7,"column":20},"end":{"line":7,"column":50}},"4":{"start":{"line":8,"column":4},"end":{"line":8,"column":21}},"5":{"start":{"line":11,"column":19},"end":{"line":18,"column":1}},"6":{"start":{"line":12,"column":19},"end":{"line":15,"column":39}},"7":{"start":{"line":14,"column":24},"end":{"line":14,"column":34}},"8":{"start":{"line":15,"column":26},"end":{"line":15,"column":38}},"9":{"start":{"line":17,"column":4},"end":{"line":17,"column":18}},"10":{"start":{"line":20,"column":17},"end":{"line":32,"column":1}},"11":{"start":{"line":21,"column":23},"end":{"line":21,"column":47}},"12":{"start":{"line":22,"column":29},"end":{"line":27,"column":32}},"13":{"start":{"line":25,"column":12},"end":{"line":25,"column":30}},"14":{"start":{"line":27,"column":26},"end":{"line":27,"column":31}},"15":{"start":{"line":29,"column":4},"end":{"line":29,"column":71}},"16":{"start":{"line":31,"column":4},"end":{"line":31,"column":24}},"17":{"start":{"line":34,"column":20},"end":{"line":47,"column":1}},"18":{"start":{"line":35,"column":4},"end":{"line":46,"column":5}},"19":{"start":{"line":37,"column":8},"end":{"line":39,"column":32}},"20":{"start":{"line":40,"column":8},"end":{"line":40,"column":49}},"21":{"start":{"line":42,"column":8},"end":{"line":44,"column":29}},"22":{"start":{"line":45,"column":8},"end":{"line":45,"column":49}},"23":{"start":{"line":49,"column":25},"end":{"line":71,"column":1}},"24":{"start":{"line":50,"column":4},"end":{"line":50,"column":22}},"25":{"start":{"line":52,"column":4},"end":{"line":55,"column":5}},"26":{"start":{"line":53,"column":8},"end":{"line":53,"column":25}},"27":{"start":{"line":54,"column":8},"end":{"line":54,"column":24}},"28":{"start":{"line":57,"column":18},"end":{"line":57,"column":40}},"29":{"start":{"line":59,"column":4},"end":{"line":70,"column":5}},"30":{"start":{"line":60,"column":8},"end":{"line":60,"column":22}},"31":{"start":{"line":61,"column":20},"end":{"line":61,"column":112}},"32":{"start":{"line":62,"column":23},"end":{"line":62,"column":43}},"33":{"start":{"line":63,"column":8},"end":{"line":67,"column":9}},"34":{"start":{"line":64,"column":28},"end":{"line":64,"column":64}},"35":{"start":{"line":65,"column":12},"end":{"line":65,"column":76}},"36":{"start":{"line":66,"column":12},"end":{"line":66,"column":73}},"37":{"start":{"line":68,"column":8},"end":{"line":68,"column":25}},"38":{"start":{"line":69,"column":8},"end":{"line":69,"column":34}},"39":{"start":{"line":73,"column":30},"end":{"line":90,"column":1}},"40":{"start":{"line":74,"column":24},"end":{"line":74,"column":60}},"41":{"start":{"line":76,"column":23},"end":{"line":76,"column":69}},"42":{"start":{"line":78,"column":4},"end":{"line":88,"column":5}},"43":{"start":{"line":79,"column":8},"end":{"line":79,"column":54}},"44":{"start":{"line":80,"column":29},"end":{"line":80,"column":72}},"45":{"start":{"line":81,"column":21},"end":{"line":81,"column":51}},"46":{"start":{"line":82,"column":8},"end":{"line":86,"column":9}},"47":{"start":{"line":83,"column":28},"end":{"line":83,"column":125}},"48":{"start":{"line":84,"column":32},"end":{"line":84,"column":44}},"49":{"start":{"line":85,"column":12},"end":{"line":85,"column":52}},"50":{"start":{"line":87,"column":8},"end":{"line":87,"column":38}},"51":{"start":{"line":89,"column":4},"end":{"line":89,"column":23}}},"fnMap":{"0":{"name":"(anonymous_0)","decl":{"start":{"line":5,"column":32},"end":{"line":5,"column":33}},"loc":{"start":{"line":5,"column":44},"end":{"line":9,"column":1}},"line":5},"1":{"name":"(anonymous_1)","decl":{"start":{"line":6,"column":38},"end":{"line":6,"column":39}},"loc":{"start":{"line":6,"column":49},"end":{"line":6,"column":63}},"line":6},"2":{"name":"(anonymous_2)","decl":{"start":{"line":11,"column":19},"end":{"line":11,"column":20}},"loc":{"start":{"line":11,"column":42},"end":{"line":18,"column":1}},"line":11},"3":{"name":"(anonymous_3)","decl":{"start":{"line":14,"column":15},"end":{"line":14,"column":16}},"loc":{"start":{"line":14,"column":24},"end":{"line":14,"column":34}},"line":14},"4":{"name":"(anonymous_4)","decl":{"start":{"line":15,"column":15},"end":{"line":15,"column":16}},"loc":{"start":{"line":15,"column":26},"end":{"line":15,"column":38}},"line":15},"5":{"name":"(anonymous_5)","decl":{"start":{"line":20,"column":17},"end":{"line":20,"column":18}},"loc":{"start":{"line":20,"column":33},"end":{"line":32,"column":1}},"line":20},"6":{"name":"(anonymous_6)","decl":{"start":{"line":24,"column":14},"end":{"line":24,"column":15}},"loc":{"start":{"line":24,"column":23},"end":{"line":26,"column":9}},"line":24},"7":{"name":"(anonymous_7)","decl":{"start":{"line":27,"column":15},"end":{"line":27,"column":16}},"loc":{"start":{"line":27,"column":26},"end":{"line":27,"column":31}},"line":27},"8":{"name":"(anonymous_8)","decl":{"start":{"line":34,"column":20},"end":{"line":34,"column":21}},"loc":{"start":{"line":34,"column":26},"end":{"line":47,"column":1}},"line":34},"9":{"name":"(anonymous_9)","decl":{"start":{"line":49,"column":25},"end":{"line":49,"column":26}},"loc":{"start":{"line":49,"column":37},"end":{"line":71,"column":1}},"line":49},"10":{"name":"(anonymous_10)","decl":{"start":{"line":73,"column":30},"end":{"line":73,"column":31}},"loc":{"start":{"line":73,"column":42},"end":{"line":90,"column":1}},"line":73}},"branchMap":{"0":{"loc":{"start":{"line":29,"column":4},"end":{"line":29,"column":70}},"type":"binary-expr","locations":[{"start":{"line":29,"column":4},"end":{"line":29,"column":16}},{"start":{"line":29,"column":20},"end":{"line":29,"column":70}}],"line":29},"1":{"loc":{"start":{"line":35,"column":4},"end":{"line":46,"column":5}},"type":"if","locations":[{"start":{"line":35,"column":4},"end":{"line":46,"column":5}},{"start":{"line":35,"column":4},"end":{"line":46,"column":5}}],"line":35},"2":{"loc":{"start":{"line":35,"column":8},"end":{"line":35,"column":60}},"type":"binary-expr","locations":[{"start":{"line":35,"column":8},"end":{"line":35,"column":32}},{"start":{"line":35,"column":36},"end":{"line":35,"column":60}}],"line":35},"3":{"loc":{"start":{"line":52,"column":4},"end":{"line":55,"column":5}},"type":"if","locations":[{"start":{"line":52,"column":4},"end":{"line":55,"column":5}},{"start":{"line":52,"column":4},"end":{"line":55,"column":5}}],"line":52},"4":{"loc":{"start":{"line":59,"column":4},"end":{"line":70,"column":5}},"type":"if","locations":[{"start":{"line":59,"column":4},"end":{"line":70,"column":5}},{"start":{"line":59,"column":4},"end":{"line":70,"column":5}}],"line":59},"5":{"loc":{"start":{"line":63,"column":8},"end":{"line":67,"column":9}},"type":"if","locations":[{"start":{"line":63,"column":8},"end":{"line":67,"column":9}},{"start":{"line":63,"column":8},"end":{"line":67,"column":9}}],"line":63},"6":{"loc":{"start":{"line":76,"column":23},"end":{"line":76,"column":69}},"type":"binary-expr","locations":[{"start":{"line":76,"column":23},"end":{"line":76,"column":34}},{"start":{"line":76,"column":39},"end":{"line":76,"column":68}}],"line":76},"7":{"loc":{"start":{"line":78,"column":4},"end":{"line":88,"column":5}},"type":"if","locations":[{"start":{"line":78,"column":4},"end":{"line":88,"column":5}},{"start":{"line":78,"column":4},"end":{"line":88,"column":5}}],"line":78},"8":{"loc":{"start":{"line":78,"column":8},"end":{"line":78,"column":40}},"type":"binary-expr","locations":[{"start":{"line":78,"column":8},"end":{"line":78,"column":20}},{"start":{"line":78,"column":24},"end":{"line":78,"column":40}}],"line":78},"9":{"loc":{"start":{"line":82,"column":8},"end":{"line":86,"column":9}},"type":"if","locations":[{"start":{"line":82,"column":8},"end":{"line":86,"column":9}},{"start":{"line":82,"column":8},"end":{"line":86,"column":9}}],"line":82},"10":{"loc":{"start":{"line":87,"column":15},"end":{"line":87,"column":37}},"type":"binary-expr","locations":[{"start":{"line":87,"column":15},"end":{"line":87,"column":19}},{"start":{"line":87,"column":23},"end":{"line":87,"column":37}}],"line":87}},"s":{"0":2,"1":6,"2":12,"3":6,"4":6,"5":2,"6":0,"7":0,"8":0,"9":0,"10":2,"11":0,"12":0,"13":0,"14":0,"15":0,"16":0,"17":2,"18":0,"19":0,"20":0,"21":0,"22":0,"23":2,"24":10,"25":10,"26":10,"27":10,"28":0,"29":0,"30":0,"31":0,"32":0,"33":0,"34":0,"35":0,"36":0,"37":0,"38":0,"39":2,"40":0,"41":0,"42":0,"43":0,"44":0,"45":0,"46":0,"47":0,"48":0,"49":0,"50":0,"51":0},"f":{"0":6,"1":12,"2":0,"3":0,"4":0,"5":0,"6":0,"7":0,"8":0,"9":10,"10":0},"b":{"0":[0,0],"1":[0,0],"2":[0,0],"3":[10,0],"4":[0,0],"5":[0,0],"6":[0,0],"7":[0,0],"8":[0,0],"9":[0,0],"10":[0,0]},"_coverageSchema":"332fd63041d2c1bcb487cc26dd0d5f7d97098a6c","hash":"a1626a6fc2c8efc863ed4bfed8ee25322a7b4b63"}
,"/Users/tristadahleen/meet/src/index.js": {"path":"/Users/tristadahleen/meet/src/index.js","statementMap":{"0":{"start":{"line":3,"column":29},"end":{"line":3,"column":159}},"1":{"start":{"line":5,"column":13},"end":{"line":5,"column":53}},"2":{"start":{"line":7,"column":16},"end":{"line":7,"column":60}},"3":{"start":{"line":9,"column":0},"end":{"line":9,"column":23}},"4":{"start":{"line":11,"column":11},"end":{"line":11,"column":51}},"5":{"start":{"line":13,"column":32},"end":{"line":13,"column":95}},"6":{"start":{"line":15,"column":23},"end":{"line":15,"column":75}},"7":{"start":{"line":17,"column":19},"end":{"line":17,"column":59}},"8":{"start":{"line":19,"column":49},"end":{"line":19,"column":96}},"9":{"start":{"line":19,"column":84},"end":{"line":19,"column":96}},"10":{"start":{"line":19,"column":121},"end":{"line":19,"column":134}},"11":{"start":{"line":19,"column":159},"end":{"line":19,"column":172}},"12":{"start":{"line":19,"column":174},"end":{"line":19,"column":309}},"13":{"start":{"line":19,"column":234},"end":{"line":19,"column":292}},"14":{"start":{"line":21,"column":53},"end":{"line":21,"column":111}},"15":{"start":{"line":21,"column":98},"end":{"line":21,"column":109}},"16":{"start":{"line":21,"column":112},"end":{"line":21,"column":214}},"17":{"start":{"line":21,"column":188},"end":{"line":21,"column":212}},"18":{"start":{"line":21,"column":227},"end":{"line":21,"column":264}},"19":{"start":{"line":21,"column":266},"end":{"line":21,"column":321}},"20":{"start":{"line":21,"column":297},"end":{"line":21,"column":319}},"21":{"start":{"line":21,"column":335},"end":{"line":21,"column":337}},"22":{"start":{"line":21,"column":367},"end":{"line":21,"column":423}},"23":{"start":{"line":21,"column":425},"end":{"line":21,"column":726}},"24":{"start":{"line":21,"column":448},"end":{"line":21,"column":724}},"25":{"start":{"line":21,"column":534},"end":{"line":21,"column":606}},"26":{"start":{"line":21,"column":608},"end":{"line":21,"column":722}},"27":{"start":{"line":21,"column":646},"end":{"line":21,"column":687}},"28":{"start":{"line":21,"column":697},"end":{"line":21,"column":720}},"29":{"start":{"line":21,"column":727},"end":{"line":21,"column":748}},"30":{"start":{"line":21,"column":749},"end":{"line":21,"column":787}},"31":{"start":{"line":21,"column":762},"end":{"line":21,"column":785}},"32":{"start":{"line":21,"column":788},"end":{"line":21,"column":802}},"33":{"start":{"line":23,"column":0},"end":{"line":37,"column":38}},"34":{"start":{"line":42,"column":0},"end":{"line":42,"column":39}},"35":{"start":{"line":46,"column":0},"end":{"line":46,"column":32}}},"fnMap":{"0":{"name":"_getRequireWildcardCache","decl":{"start":{"line":19,"column":9},"end":{"line":19,"column":33}},"loc":{"start":{"line":19,"column":47},"end":{"line":19,"column":311}},"line":19},"1":{"name":"(anonymous_1)","decl":{"start":{"line":19,"column":209},"end":{"line":19,"column":210}},"loc":{"start":{"line":19,"column":232},"end":{"line":19,"column":294}},"line":19},"2":{"name":"_interopRequireWildcard","decl":{"start":{"line":21,"column":9},"end":{"line":21,"column":32}},"loc":{"start":{"line":21,"column":51},"end":{"line":21,"column":804}},"line":21}},"branchMap":{"0":{"loc":{"start":{"line":19,"column":49},"end":{"line":19,"column":96}},"type":"if","locations":[{"start":{"line":19,"column":49},"end":{"line":19,"column":96}},{"start":{"line":19,"column":49},"end":{"line":19,"column":96}}],"line":19},"1":{"loc":{"start":{"line":19,"column":241},"end":{"line":19,"column":291}},"type":"cond-expr","locations":[{"start":{"line":19,"column":255},"end":{"line":19,"column":271}},{"start":{"line":19,"column":274},"end":{"line":19,"column":291}}],"line":19},"2":{"loc":{"start":{"line":21,"column":53},"end":{"line":21,"column":111}},"type":"if","locations":[{"start":{"line":21,"column":53},"end":{"line":21,"column":111}},{"start":{"line":21,"column":53},"end":{"line":21,"column":111}}],"line":21},"3":{"loc":{"start":{"line":21,"column":57},"end":{"line":21,"column":94}},"type":"binary-expr","locations":[{"start":{"line":21,"column":57},"end":{"line":21,"column":69}},{"start":{"line":21,"column":73},"end":{"line":21,"column":76}},{"start":{"line":21,"column":80},"end":{"line":21,"column":94}}],"line":21},"4":{"loc":{"start":{"line":21,"column":112},"end":{"line":21,"column":214}},"type":"if","locations":[{"start":{"line":21,"column":112},"end":{"line":21,"column":214}},{"start":{"line":21,"column":112},"end":{"line":21,"column":214}}],"line":21},"5":{"loc":{"start":{"line":21,"column":116},"end":{"line":21,"column":184}},"type":"binary-expr","locations":[{"start":{"line":21,"column":116},"end":{"line":21,"column":128}},{"start":{"line":21,"column":132},"end":{"line":21,"column":155}},{"start":{"line":21,"column":159},"end":{"line":21,"column":184}}],"line":21},"6":{"loc":{"start":{"line":21,"column":266},"end":{"line":21,"column":321}},"type":"if","locations":[{"start":{"line":21,"column":266},"end":{"line":21,"column":321}},{"start":{"line":21,"column":266},"end":{"line":21,"column":321}}],"line":21},"7":{"loc":{"start":{"line":21,"column":270},"end":{"line":21,"column":293}},"type":"binary-expr","locations":[{"start":{"line":21,"column":270},"end":{"line":21,"column":275}},{"start":{"line":21,"column":279},"end":{"line":21,"column":293}}],"line":21},"8":{"loc":{"start":{"line":21,"column":367},"end":{"line":21,"column":423}},"type":"binary-expr","locations":[{"start":{"line":21,"column":367},"end":{"line":21,"column":388}},{"start":{"line":21,"column":392},"end":{"line":21,"column":423}}],"line":21},"9":{"loc":{"start":{"line":21,"column":448},"end":{"line":21,"column":724}},"type":"if","locations":[{"start":{"line":21,"column":448},"end":{"line":21,"column":724}},{"start":{"line":21,"column":448},"end":{"line":21,"column":724}}],"line":21},"10":{"loc":{"start":{"line":21,"column":452},"end":{"line":21,"column":519}},"type":"binary-expr","locations":[{"start":{"line":21,"column":452},"end":{"line":21,"column":469}},{"start":{"line":21,"column":473},"end":{"line":21,"column":519}}],"line":21},"11":{"loc":{"start":{"line":21,"column":534},"end":{"line":21,"column":606}},"type":"cond-expr","locations":[{"start":{"line":21,"column":558},"end":{"line":21,"column":599}},{"start":{"line":21,"column":602},"end":{"line":21,"column":606}}],"line":21},"12":{"loc":{"start":{"line":21,"column":608},"end":{"line":21,"column":722}},"type":"if","locations":[{"start":{"line":21,"column":608},"end":{"line":21,"column":722}},{"start":{"line":21,"column":608},"end":{"line":21,"column":722}}],"line":21},"13":{"loc":{"start":{"line":21,"column":612},"end":{"line":21,"column":642}},"type":"binary-expr","locations":[{"start":{"line":21,"column":612},"end":{"line":21,"column":616}},{"start":{"line":21,"column":621},"end":{"line":21,"column":629}},{"start":{"line":21,"column":633},"end":{"line":21,"column":641}}],"line":21},"14":{"loc":{"start":{"line":21,"column":749},"end":{"line":21,"column":787}},"type":"if","locations":[{"start":{"line":21,"column":749},"end":{"line":21,"column":787}},{"start":{"line":21,"column":749},"end":{"line":21,"column":787}}],"line":21}},"s":{"0":0,"1":0,"2":0,"3":0,"4":0,"5":0,"6":0,"7":0,"8":0,"9":0,"10":0,"11":0,"12":0,"13":0,"14":0,"15":0,"16":0,"17":0,"18":0,"19":0,"20":0,"21":0,"22":0,"23":0,"24":0,"25":0,"26":0,"27":0,"28":0,"29":0,"30":0,"31":0,"32":0,"33":0,"34":0,"35":0},"f":{"0":0,"1":0,"2":0},"b":{"0":[0,0],"1":[0,0],"2":[0,0],"3":[0,0,0],"4":[0,0],"5":[0,0,0],"6":[0,0],"7":[0,0],"8":[0,0],"9":[0,0],"10":[0,0],"11":[0,0],"12":[0,0],"13":[0,0,0],"14":[0,0]}}
,"/Users/tristadahleen/meet/src/mock-data.js": {"path":"/Users/tristadahleen/meet/src/mock-data.js","statementMap":{"0":{"start":{"line":1,"column":17},"end":{"line":80,"column":3}},"1":{"start":{"line":82,"column":0},"end":{"line":82,"column":37}}},"fnMap":{},"branchMap":{},"s":{"0":4,"1":4},"f":{},"b":{},"_coverageSchema":"332fd63041d2c1bcb487cc26dd0d5f7d97098a6c","hash":"adc554ecf79f875ccb81e41d3290c634cedfd772"}
,"/Users/tristadahleen/meet/src/reportWebVitals.js": {"path":"/Users/tristadahleen/meet/src/reportWebVitals.js","statementMap":{"0":{"start":{"line":3,"column":0},"end":{"line":5,"column":3}},"1":{"start":{"line":6,"column":0},"end":{"line":6,"column":25}},"2":{"start":{"line":8,"column":49},"end":{"line":8,"column":96}},"3":{"start":{"line":8,"column":84},"end":{"line":8,"column":96}},"4":{"start":{"line":8,"column":121},"end":{"line":8,"column":134}},"5":{"start":{"line":8,"column":159},"end":{"line":8,"column":172}},"6":{"start":{"line":8,"column":174},"end":{"line":8,"column":309}},"7":{"start":{"line":8,"column":234},"end":{"line":8,"column":292}},"8":{"start":{"line":10,"column":53},"end":{"line":10,"column":111}},"9":{"start":{"line":10,"column":98},"end":{"line":10,"column":109}},"10":{"start":{"line":10,"column":112},"end":{"line":10,"column":214}},"11":{"start":{"line":10,"column":188},"end":{"line":10,"column":212}},"12":{"start":{"line":10,"column":227},"end":{"line":10,"column":264}},"13":{"start":{"line":10,"column":266},"end":{"line":10,"column":321}},"14":{"start":{"line":10,"column":297},"end":{"line":10,"column":319}},"15":{"start":{"line":10,"column":335},"end":{"line":10,"column":337}},"16":{"start":{"line":10,"column":367},"end":{"line":10,"column":423}},"17":{"start":{"line":10,"column":425},"end":{"line":10,"column":726}},"18":{"start":{"line":10,"column":448},"end":{"line":10,"column":724}},"19":{"start":{"line":10,"column":534},"end":{"line":10,"column":606}},"20":{"start":{"line":10,"column":608},"end":{"line":10,"column":722}},"21":{"start":{"line":10,"column":646},"end":{"line":10,"column":687}},"22":{"start":{"line":10,"column":697},"end":{"line":10,"column":720}},"23":{"start":{"line":10,"column":727},"end":{"line":10,"column":748}},"24":{"start":{"line":10,"column":749},"end":{"line":10,"column":787}},"25":{"start":{"line":10,"column":762},"end":{"line":10,"column":785}},"26":{"start":{"line":10,"column":788},"end":{"line":10,"column":802}},"27":{"start":{"line":12,"column":24},"end":{"line":28,"column":1}},"28":{"start":{"line":13,"column":2},"end":{"line":27,"column":3}},"29":{"start":{"line":14,"column":4},"end":{"line":26,"column":7}},"30":{"start":{"line":14,"column":33},"end":{"line":14,"column":79}},"31":{"start":{"line":21,"column":6},"end":{"line":21,"column":26}},"32":{"start":{"line":22,"column":6},"end":{"line":22,"column":26}},"33":{"start":{"line":23,"column":6},"end":{"line":23,"column":26}},"34":{"start":{"line":24,"column":6},"end":{"line":24,"column":26}},"35":{"start":{"line":25,"column":6},"end":{"line":25,"column":27}},"36":{"start":{"line":30,"column":15},"end":{"line":30,"column":30}},"37":{"start":{"line":31,"column":0},"end":{"line":31,"column":27}}},"fnMap":{"0":{"name":"_getRequireWildcardCache","decl":{"start":{"line":8,"column":9},"end":{"line":8,"column":33}},"loc":{"start":{"line":8,"column":47},"end":{"line":8,"column":311}},"line":8},"1":{"name":"(anonymous_1)","decl":{"start":{"line":8,"column":209},"end":{"line":8,"column":210}},"loc":{"start":{"line":8,"column":232},"end":{"line":8,"column":294}},"line":8},"2":{"name":"_interopRequireWildcard","decl":{"start":{"line":10,"column":9},"end":{"line":10,"column":32}},"loc":{"start":{"line":10,"column":51},"end":{"line":10,"column":804}},"line":10},"3":{"name":"(anonymous_3)","decl":{"start":{"line":12,"column":24},"end":{"line":12,"column":25}},"loc":{"start":{"line":12,"column":39},"end":{"line":28,"column":1}},"line":12},"4":{"name":"(anonymous_4)","decl":{"start":{"line":14,"column":27},"end":{"line":14,"column":28}},"loc":{"start":{"line":14,"column":33},"end":{"line":14,"column":79}},"line":14},"5":{"name":"(anonymous_5)","decl":{"start":{"line":14,"column":86},"end":{"line":14,"column":87}},"loc":{"start":{"line":20,"column":10},"end":{"line":26,"column":5}},"line":20}},"branchMap":{"0":{"loc":{"start":{"line":8,"column":49},"end":{"line":8,"column":96}},"type":"if","locations":[{"start":{"line":8,"column":49},"end":{"line":8,"column":96}},{"start":{"line":8,"column":49},"end":{"line":8,"column":96}}],"line":8},"1":{"loc":{"start":{"line":8,"column":241},"end":{"line":8,"column":291}},"type":"cond-expr","locations":[{"start":{"line":8,"column":255},"end":{"line":8,"column":271}},{"start":{"line":8,"column":274},"end":{"line":8,"column":291}}],"line":8},"2":{"loc":{"start":{"line":10,"column":53},"end":{"line":10,"column":111}},"type":"if","locations":[{"start":{"line":10,"column":53},"end":{"line":10,"column":111}},{"start":{"line":10,"column":53},"end":{"line":10,"column":111}}],"line":10},"3":{"loc":{"start":{"line":10,"column":57},"end":{"line":10,"column":94}},"type":"binary-expr","locations":[{"start":{"line":10,"column":57},"end":{"line":10,"column":69}},{"start":{"line":10,"column":73},"end":{"line":10,"column":76}},{"start":{"line":10,"column":80},"end":{"line":10,"column":94}}],"line":10},"4":{"loc":{"start":{"line":10,"column":112},"end":{"line":10,"column":214}},"type":"if","locations":[{"start":{"line":10,"column":112},"end":{"line":10,"column":214}},{"start":{"line":10,"column":112},"end":{"line":10,"column":214}}],"line":10},"5":{"loc":{"start":{"line":10,"column":116},"end":{"line":10,"column":184}},"type":"binary-expr","locations":[{"start":{"line":10,"column":116},"end":{"line":10,"column":128}},{"start":{"line":10,"column":132},"end":{"line":10,"column":155}},{"start":{"line":10,"column":159},"end":{"line":10,"column":184}}],"line":10},"6":{"loc":{"start":{"line":10,"column":266},"end":{"line":10,"column":321}},"type":"if","locations":[{"start":{"line":10,"column":266},"end":{"line":10,"column":321}},{"start":{"line":10,"column":266},"end":{"line":10,"column":321}}],"line":10},"7":{"loc":{"start":{"line":10,"column":270},"end":{"line":10,"column":293}},"type":"binary-expr","locations":[{"start":{"line":10,"column":270},"end":{"line":10,"column":275}},{"start":{"line":10,"column":279},"end":{"line":10,"column":293}}],"line":10},"8":{"loc":{"start":{"line":10,"column":367},"end":{"line":10,"column":423}},"type":"binary-expr","locations":[{"start":{"line":10,"column":367},"end":{"line":10,"column":388}},{"start":{"line":10,"column":392},"end":{"line":10,"column":423}}],"line":10},"9":{"loc":{"start":{"line":10,"column":448},"end":{"line":10,"column":724}},"type":"if","locations":[{"start":{"line":10,"column":448},"end":{"line":10,"column":724}},{"start":{"line":10,"column":448},"end":{"line":10,"column":724}}],"line":10},"10":{"loc":{"start":{"line":10,"column":452},"end":{"line":10,"column":519}},"type":"binary-expr","locations":[{"start":{"line":10,"column":452},"end":{"line":10,"column":469}},{"start":{"line":10,"column":473},"end":{"line":10,"column":519}}],"line":10},"11":{"loc":{"start":{"line":10,"column":534},"end":{"line":10,"column":606}},"type":"cond-expr","locations":[{"start":{"line":10,"column":558},"end":{"line":10,"column":599}},{"start":{"line":10,"column":602},"end":{"line":10,"column":606}}],"line":10},"12":{"loc":{"start":{"line":10,"column":608},"end":{"line":10,"column":722}},"type":"if","locations":[{"start":{"line":10,"column":608},"end":{"line":10,"column":722}},{"start":{"line":10,"column":608},"end":{"line":10,"column":722}}],"line":10},"13":{"loc":{"start":{"line":10,"column":612},"end":{"line":10,"column":642}},"type":"binary-expr","locations":[{"start":{"line":10,"column":612},"end":{"line":10,"column":616}},{"start":{"line":10,"column":621},"end":{"line":10,"column":629}},{"start":{"line":10,"column":633},"end":{"line":10,"column":641}}],"line":10},"14":{"loc":{"start":{"line":10,"column":749},"end":{"line":10,"column":787}},"type":"if","locations":[{"start":{"line":10,"column":749},"end":{"line":10,"column":787}},{"start":{"line":10,"column":749},"end":{"line":10,"column":787}}],"line":10},"15":{"loc":{"start":{"line":13,"column":2},"end":{"line":27,"column":3}},"type":"if","locations":[{"start":{"line":13,"column":2},"end":{"line":27,"column":3}},{"start":{"line":13,"column":2},"end":{"line":27,"column":3}}],"line":13},"16":{"loc":{"start":{"line":13,"column":6},"end":{"line":13,"column":52}},"type":"binary-expr","locations":[{"start":{"line":13,"column":6},"end":{"line":13,"column":17}},{"start":{"line":13,"column":21},"end":{"line":13,"column":52}}],"line":13}},"s":{"0":0,"1":0,"2":0,"3":0,"4":0,"5":0,"6":0,"7":0,"8":0,"9":0,"10":0,"11":0,"12":0,"13":0,"14":0,"15":0,"16":0,"17":0,"18":0,"19":0,"20":0,"21":0,"22":0,"23":0,"24":0,"25":0,"26":0,"27":0,"28":0,"29":0,"30":0,"31":0,"32":0,"33":0,"34":0,"35":0,"36":0,"37":0},"f":{"0":0,"1":0,"2":0,"3":0,"4":0,"5":0},"b":{"0":[0,0],"1":[0,0],"2":[0,0],"3":[0,0,0],"4":[0,0],"5":[0,0,0],"6":[0,0],"7":[0,0],"8":[0,0],"9":[0,0],"10":[0,0],"11":[0,0],"12":[0,0],"13":[0,0,0],"14":[0,0],"15":[0,0],"16":[0,0]}}
,"/Users/tristadahleen/meet/src/service-worker.js": {"path":"/Users/tristadahleen/meet/src/service-worker.js","statementMap":{"0":{"start":{"line":3,"column":19},"end":{"line":3,"column":42}},"1":{"start":{"line":5,"column":25},"end":{"line":5,"column":54}},"2":{"start":{"line":7,"column":25},"end":{"line":7,"column":54}},"3":{"start":{"line":9,"column":22},"end":{"line":9,"column":48}},"4":{"start":{"line":11,"column":25},"end":{"line":11,"column":54}},"5":{"start":{"line":20,"column":0},"end":{"line":20,"column":33}},"6":{"start":{"line":25,"column":0},"end":{"line":25,"column":61}},"7":{"start":{"line":29,"column":28},"end":{"line":29,"column":58}},"8":{"start":{"line":30,"column":0},"end":{"line":52,"column":92}},"9":{"start":{"line":36,"column":2},"end":{"line":38,"column":3}},"10":{"start":{"line":37,"column":4},"end":{"line":37,"column":17}},"11":{"start":{"line":41,"column":2},"end":{"line":43,"column":3}},"12":{"start":{"line":42,"column":4},"end":{"line":42,"column":17}},"13":{"start":{"line":46,"column":2},"end":{"line":48,"column":3}},"14":{"start":{"line":47,"column":4},"end":{"line":47,"column":17}},"15":{"start":{"line":51,"column":2},"end":{"line":51,"column":14}},"16":{"start":{"line":55,"column":0},"end":{"line":66,"column":4}},"17":{"start":{"line":58,"column":6},"end":{"line":58,"column":74}},"18":{"start":{"line":69,"column":0},"end":{"line":73,"column":3}},"19":{"start":{"line":70,"column":2},"end":{"line":72,"column":3}},"20":{"start":{"line":71,"column":4},"end":{"line":71,"column":23}}},"fnMap":{"0":{"name":"(anonymous_0)","decl":{"start":{"line":31,"column":0},"end":{"line":31,"column":1}},"loc":{"start":{"line":34,"column":6},"end":{"line":52,"column":1}},"line":34},"1":{"name":"(anonymous_1)","decl":{"start":{"line":56,"column":0},"end":{"line":56,"column":1}},"loc":{"start":{"line":58,"column":6},"end":{"line":58,"column":74}},"line":58},"2":{"name":"(anonymous_2)","decl":{"start":{"line":69,"column":33},"end":{"line":69,"column":34}},"loc":{"start":{"line":69,"column":42},"end":{"line":73,"column":1}},"line":69}},"branchMap":{"0":{"loc":{"start":{"line":36,"column":2},"end":{"line":38,"column":3}},"type":"if","locations":[{"start":{"line":36,"column":2},"end":{"line":38,"column":3}},{"start":{"line":36,"column":2},"end":{"line":38,"column":3}}],"line":36},"1":{"loc":{"start":{"line":41,"column":2},"end":{"line":43,"column":3}},"type":"if","locations":[{"start":{"line":41,"column":2},"end":{"line":43,"column":3}},{"start":{"line":41,"column":2},"end":{"line":43,"column":3}}],"line":41},"2":{"loc":{"start":{"line":46,"column":2},"end":{"line":48,"column":3}},"type":"if","locations":[{"start":{"line":46,"column":2},"end":{"line":48,"column":3}},{"start":{"line":46,"column":2},"end":{"line":48,"column":3}}],"line":46},"3":{"loc":{"start":{"line":58,"column":6},"end":{"line":58,"column":74}},"type":"binary-expr","locations":[{"start":{"line":58,"column":6},"end":{"line":58,"column":41}},{"start":{"line":58,"column":45},"end":{"line":58,"column":74}}],"line":58},"4":{"loc":{"start":{"line":70,"column":2},"end":{"line":72,"column":3}},"type":"if","locations":[{"start":{"line":70,"column":2},"end":{"line":72,"column":3}},{"start":{"line":70,"column":2},"end":{"line":72,"column":3}}],"line":70},"5":{"loc":{"start":{"line":70,"column":6},"end":{"line":70,"column":54}},"type":"binary-expr","locations":[{"start":{"line":70,"column":6},"end":{"line":70,"column":16}},{"start":{"line":70,"column":20},"end":{"line":70,"column":54}}],"line":70}},"s":{"0":0,"1":0,"2":0,"3":0,"4":0,"5":0,"6":0,"7":0,"8":0,"9":0,"10":0,"11":0,"12":0,"13":0,"14":0,"15":0,"16":0,"17":0,"18":0,"19":0,"20":0},"f":{"0":0,"1":0,"2":0},"b":{"0":[0,0],"1":[0,0],"2":[0,0],"3":[0,0],"4":[0,0],"5":[0,0]}}
,"/Users/tristadahleen/meet/src/serviceWorkerRegistration.js": {"path":"/Users/tristadahleen/meet/src/serviceWorkerRegistration.js","statementMap":{"0":{"start":{"line":3,"column":0},"end":{"line":5,"column":3}},"1":{"start":{"line":6,"column":0},"end":{"line":6,"column":28}},"2":{"start":{"line":7,"column":0},"end":{"line":7,"column":32}},"3":{"start":{"line":17,"column":20},"end":{"line":19,"column":89}},"4":{"start":{"line":22,"column":2},"end":{"line":49,"column":3}},"5":{"start":{"line":24,"column":22},"end":{"line":24,"column":75}},"6":{"start":{"line":26,"column":4},"end":{"line":31,"column":5}},"7":{"start":{"line":30,"column":6},"end":{"line":30,"column":13}},"8":{"start":{"line":33,"column":4},"end":{"line":48,"column":7}},"9":{"start":{"line":34,"column":20},"end":{"line":34,"column":65}},"10":{"start":{"line":36,"column":6},"end":{"line":47,"column":7}},"11":{"start":{"line":38,"column":8},"end":{"line":38,"column":47}},"12":{"start":{"line":41,"column":8},"end":{"line":43,"column":11}},"13":{"start":{"line":42,"column":10},"end":{"line":42,"column":134}},"14":{"start":{"line":46,"column":8},"end":{"line":46,"column":39}},"15":{"start":{"line":53,"column":2},"end":{"line":87,"column":5}},"16":{"start":{"line":54,"column":4},"end":{"line":84,"column":6}},"17":{"start":{"line":55,"column":31},"end":{"line":55,"column":54}},"18":{"start":{"line":57,"column":6},"end":{"line":59,"column":7}},"19":{"start":{"line":58,"column":8},"end":{"line":58,"column":15}},"20":{"start":{"line":61,"column":6},"end":{"line":83,"column":8}},"21":{"start":{"line":62,"column":8},"end":{"line":82,"column":9}},"22":{"start":{"line":63,"column":10},"end":{"line":81,"column":11}},"23":{"start":{"line":67,"column":12},"end":{"line":67,"column":140}},"24":{"start":{"line":69,"column":12},"end":{"line":71,"column":13}},"25":{"start":{"line":70,"column":14},"end":{"line":70,"column":44}},"26":{"start":{"line":76,"column":12},"end":{"line":76,"column":62}},"27":{"start":{"line":78,"column":12},"end":{"line":80,"column":13}},"28":{"start":{"line":79,"column":14},"end":{"line":79,"column":45}},"29":{"start":{"line":86,"column":4},"end":{"line":86,"column":70}},"30":{"start":{"line":92,"column":2},"end":{"line":113,"column":5}},"31":{"start":{"line":98,"column":24},"end":{"line":98,"column":60}},"32":{"start":{"line":100,"column":4},"end":{"line":110,"column":5}},"33":{"start":{"line":102,"column":6},"end":{"line":106,"column":9}},"34":{"start":{"line":103,"column":8},"end":{"line":105,"column":11}},"35":{"start":{"line":104,"column":10},"end":{"line":104,"column":35}},"36":{"start":{"line":109,"column":6},"end":{"line":109,"column":37}},"37":{"start":{"line":112,"column":4},"end":{"line":112,"column":81}},"38":{"start":{"line":117,"column":2},"end":{"line":123,"column":3}},"39":{"start":{"line":118,"column":4},"end":{"line":122,"column":7}},"40":{"start":{"line":119,"column":6},"end":{"line":119,"column":32}},"41":{"start":{"line":121,"column":6},"end":{"line":121,"column":35}}},"fnMap":{"0":{"name":"register","decl":{"start":{"line":21,"column":9},"end":{"line":21,"column":17}},"loc":{"start":{"line":21,"column":26},"end":{"line":50,"column":1}},"line":21},"1":{"name":"(anonymous_1)","decl":{"start":{"line":33,"column":36},"end":{"line":33,"column":37}},"loc":{"start":{"line":33,"column":42},"end":{"line":48,"column":5}},"line":33},"2":{"name":"(anonymous_2)","decl":{"start":{"line":41,"column":43},"end":{"line":41,"column":44}},"loc":{"start":{"line":41,"column":49},"end":{"line":43,"column":9}},"line":41},"3":{"name":"registerValidSW","decl":{"start":{"line":52,"column":9},"end":{"line":52,"column":24}},"loc":{"start":{"line":52,"column":40},"end":{"line":88,"column":1}},"line":52},"4":{"name":"(anonymous_4)","decl":{"start":{"line":53,"column":47},"end":{"line":53,"column":48}},"loc":{"start":{"line":53,"column":63},"end":{"line":85,"column":3}},"line":53},"5":{"name":"(anonymous_5)","decl":{"start":{"line":54,"column":33},"end":{"line":54,"column":34}},"loc":{"start":{"line":54,"column":39},"end":{"line":84,"column":5}},"line":54},"6":{"name":"(anonymous_6)","decl":{"start":{"line":61,"column":39},"end":{"line":61,"column":40}},"loc":{"start":{"line":61,"column":45},"end":{"line":83,"column":7}},"line":61},"7":{"name":"(anonymous_7)","decl":{"start":{"line":85,"column":11},"end":{"line":85,"column":12}},"loc":{"start":{"line":85,"column":20},"end":{"line":87,"column":3}},"line":85},"8":{"name":"checkValidServiceWorker","decl":{"start":{"line":90,"column":9},"end":{"line":90,"column":32}},"loc":{"start":{"line":90,"column":48},"end":{"line":114,"column":1}},"line":90},"9":{"name":"(anonymous_9)","decl":{"start":{"line":96,"column":10},"end":{"line":96,"column":11}},"loc":{"start":{"line":96,"column":22},"end":{"line":111,"column":3}},"line":96},"10":{"name":"(anonymous_10)","decl":{"start":{"line":102,"column":41},"end":{"line":102,"column":42}},"loc":{"start":{"line":102,"column":57},"end":{"line":106,"column":7}},"line":102},"11":{"name":"(anonymous_11)","decl":{"start":{"line":103,"column":39},"end":{"line":103,"column":40}},"loc":{"start":{"line":103,"column":45},"end":{"line":105,"column":9}},"line":103},"12":{"name":"(anonymous_12)","decl":{"start":{"line":111,"column":11},"end":{"line":111,"column":12}},"loc":{"start":{"line":111,"column":17},"end":{"line":113,"column":3}},"line":111},"13":{"name":"unregister","decl":{"start":{"line":116,"column":9},"end":{"line":116,"column":19}},"loc":{"start":{"line":116,"column":22},"end":{"line":124,"column":1}},"line":116},"14":{"name":"(anonymous_14)","decl":{"start":{"line":118,"column":39},"end":{"line":118,"column":40}},"loc":{"start":{"line":118,"column":55},"end":{"line":120,"column":5}},"line":118},"15":{"name":"(anonymous_15)","decl":{"start":{"line":120,"column":13},"end":{"line":120,"column":14}},"loc":{"start":{"line":120,"column":22},"end":{"line":122,"column":5}},"line":120}},"branchMap":{"0":{"loc":{"start":{"line":17,"column":28},"end":{"line":19,"column":88}},"type":"binary-expr","locations":[{"start":{"line":17,"column":28},"end":{"line":17,"column":68}},{"start":{"line":18,"column":0},"end":{"line":18,"column":36}},{"start":{"line":19,"column":0},"end":{"line":19,"column":88}}],"line":17},"1":{"loc":{"start":{"line":22,"column":2},"end":{"line":49,"column":3}},"type":"if","locations":[{"start":{"line":22,"column":2},"end":{"line":49,"column":3}},{"start":{"line":22,"column":2},"end":{"line":49,"column":3}}],"line":22},"2":{"loc":{"start":{"line":22,"column":6},"end":{"line":22,"column":75}},"type":"binary-expr","locations":[{"start":{"line":22,"column":6},"end":{"line":22,"column":43}},{"start":{"line":22,"column":47},"end":{"line":22,"column":75}}],"line":22},"3":{"loc":{"start":{"line":26,"column":4},"end":{"line":31,"column":5}},"type":"if","locations":[{"start":{"line":26,"column":4},"end":{"line":31,"column":5}},{"start":{"line":26,"column":4},"end":{"line":31,"column":5}}],"line":26},"4":{"loc":{"start":{"line":36,"column":6},"end":{"line":47,"column":7}},"type":"if","locations":[{"start":{"line":36,"column":6},"end":{"line":47,"column":7}},{"start":{"line":36,"column":6},"end":{"line":47,"column":7}}],"line":36},"5":{"loc":{"start":{"line":57,"column":6},"end":{"line":59,"column":7}},"type":"if","locations":[{"start":{"line":57,"column":6},"end":{"line":59,"column":7}},{"start":{"line":57,"column":6},"end":{"line":59,"column":7}}],"line":57},"6":{"loc":{"start":{"line":62,"column":8},"end":{"line":82,"column":9}},"type":"if","locations":[{"start":{"line":62,"column":8},"end":{"line":82,"column":9}},{"start":{"line":62,"column":8},"end":{"line":82,"column":9}}],"line":62},"7":{"loc":{"start":{"line":63,"column":10},"end":{"line":81,"column":11}},"type":"if","locations":[{"start":{"line":63,"column":10},"end":{"line":81,"column":11}},{"start":{"line":63,"column":10},"end":{"line":81,"column":11}}],"line":63},"8":{"loc":{"start":{"line":69,"column":12},"end":{"line":71,"column":13}},"type":"if","locations":[{"start":{"line":69,"column":12},"end":{"line":71,"column":13}},{"start":{"line":69,"column":12},"end":{"line":71,"column":13}}],"line":69},"9":{"loc":{"start":{"line":69,"column":16},"end":{"line":69,"column":41}},"type":"binary-expr","locations":[{"start":{"line":69,"column":16},"end":{"line":69,"column":22}},{"start":{"line":69,"column":26},"end":{"line":69,"column":41}}],"line":69},"10":{"loc":{"start":{"line":78,"column":12},"end":{"line":80,"column":13}},"type":"if","locations":[{"start":{"line":78,"column":12},"end":{"line":80,"column":13}},{"start":{"line":78,"column":12},"end":{"line":80,"column":13}}],"line":78},"11":{"loc":{"start":{"line":78,"column":16},"end":{"line":78,"column":42}},"type":"binary-expr","locations":[{"start":{"line":78,"column":16},"end":{"line":78,"column":22}},{"start":{"line":78,"column":26},"end":{"line":78,"column":42}}],"line":78},"12":{"loc":{"start":{"line":100,"column":4},"end":{"line":110,"column":5}},"type":"if","locations":[{"start":{"line":100,"column":4},"end":{"line":110,"column":5}},{"start":{"line":100,"column":4},"end":{"line":110,"column":5}}],"line":100},"13":{"loc":{"start":{"line":100,"column":8},"end":{"line":100,"column":98}},"type":"binary-expr","locations":[{"start":{"line":100,"column":8},"end":{"line":100,"column":31}},{"start":{"line":100,"column":35},"end":{"line":100,"column":54}},{"start":{"line":100,"column":58},"end":{"line":100,"column":98}}],"line":100},"14":{"loc":{"start":{"line":117,"column":2},"end":{"line":123,"column":3}},"type":"if","locations":[{"start":{"line":117,"column":2},"end":{"line":123,"column":3}},{"start":{"line":117,"column":2},"end":{"line":123,"column":3}}],"line":117}},"s":{"0":0,"1":0,"2":0,"3":0,"4":0,"5":0,"6":0,"7":0,"8":0,"9":0,"10":0,"11":0,"12":0,"13":0,"14":0,"15":0,"16":0,"17":0,"18":0,"19":0,"20":0,"21":0,"22":0,"23":0,"24":0,"25":0,"26":0,"27":0,"28":0,"29":0,"30":0,"31":0,"32":0,"33":0,"34":0,"35":0,"36":0,"37":0,"38":0,"39":0,"40":0,"41":0},"f":{"0":0,"1":0,"2":0,"3":0,"4":0,"5":0,"6":0,"7":0,"8":0,"9":0,"10":0,"11":0,"12":0,"13":0,"14":0,"15":0},"b":{"0":[0,0,0],"1":[0,0],"2":[0,0],"3":[0,0],"4":[0,0],"5":[0,0],"6":[0,0],"7":[0,0],"8":[0,0],"9":[0,0],"10":[0,0],"11":[0,0],"12":[0,0],"13":[0,0,0],"14":[0,0]}}
,"/Users/tristadahleen/meet/src/setupTests.js": {"path":"/Users/tristadahleen/meet/src/setupTests.js","statementMap":{"0":{"start":{"line":6,"column":0},"end":{"line":6,"column":45}}},"fnMap":{},"branchMap":{},"s":{"0":5},"f":{},"b":{},"_coverageSchema":"332fd63041d2c1bcb487cc26dd0d5f7d97098a6c","hash":"17cfed77ba01a0f0b39764e7352a7ed52ca8e26e"}
}
