{"/Users/tristadahleen/meet/src/App.js": {"path":"/Users/tristadahleen/meet/src/App.js","statementMap":{"0":{"start":{"line":9,"column":4},"end":{"line":15,"column":6}}},"fnMap":{"0":{"name":"(anonymous_0)","decl":{"start":{"line":8,"column":2},"end":{"line":8,"column":3}},"loc":{"start":{"line":8,"column":11},"end":{"line":16,"column":3}},"line":8}},"branchMap":{},"s":{"0":1},"f":{"0":1},"b":{},"_coverageSchema":"332fd63041d2c1bcb487cc26dd0d5f7d97098a6c","hash":"c08c396307f7713641d9fa1da409fe9e2e17fa7c"}
,"/Users/tristadahleen/meet/src/CitySearch.js": {"path":"/Users/tristadahleen/meet/src/CitySearch.js","statementMap":{"0":{"start":{"line":10,"column":16},"end":{"line":10,"column":34}},"1":{"start":{"line":11,"column":22},"end":{"line":13,"column":4}},"2":{"start":{"line":12,"column":3},"end":{"line":12,"column":66}},"3":{"start":{"line":14,"column":2},"end":{"line":17,"column":5}},"4":{"start":{"line":21,"column":2},"end":{"line":23,"column":5}},"5":{"start":{"line":27,"column":4},"end":{"line":47,"column":6}},"6":{"start":{"line":37,"column":6},"end":{"line":40,"column":24}},"7":{"start":{"line":39,"column":21},"end":{"line":39,"column":55}}},"fnMap":{"0":{"name":"(anonymous_0)","decl":{"start":{"line":9,"column":22},"end":{"line":9,"column":23}},"loc":{"start":{"line":9,"column":33},"end":{"line":18,"column":2}},"line":9},"1":{"name":"(anonymous_1)","decl":{"start":{"line":11,"column":50},"end":{"line":11,"column":51}},"loc":{"start":{"line":11,"column":64},"end":{"line":13,"column":3}},"line":11},"2":{"name":"(anonymous_2)","decl":{"start":{"line":20,"column":21},"end":{"line":20,"column":22}},"loc":{"start":{"line":20,"column":37},"end":{"line":24,"column":2}},"line":20},"3":{"name":"(anonymous_3)","decl":{"start":{"line":26,"column":2},"end":{"line":26,"column":3}},"loc":{"start":{"line":26,"column":11},"end":{"line":48,"column":3}},"line":26},"4":{"name":"(anonymous_4)","decl":{"start":{"line":36,"column":33},"end":{"line":36,"column":34}},"loc":{"start":{"line":37,"column":6},"end":{"line":40,"column":24}},"line":37},"5":{"name":"(anonymous_5)","decl":{"start":{"line":39,"column":15},"end":{"line":39,"column":16}},"loc":{"start":{"line":39,"column":21},"end":{"line":39,"column":55}},"line":39}},"branchMap":{},"s":{"0":2,"1":2,"2":4,"3":2,"4":1,"5":8,"6":6,"7":1},"f":{"0":2,"1":4,"2":1,"3":8,"4":6,"5":1},"b":{},"_coverageSchema":"332fd63041d2c1bcb487cc26dd0d5f7d97098a6c","hash":"5aa8c6ce64fc73a5ef3390b99ecd589ce5019bea"}
,"/Users/tristadahleen/meet/src/Event.js": {"path":"/Users/tristadahleen/meet/src/Event.js","statementMap":{"0":{"start":{"line":10,"column":4},"end":{"line":12,"column":7}},"1":{"start":{"line":16,"column":22},"end":{"line":16,"column":32}},"2":{"start":{"line":17,"column":26},"end":{"line":17,"column":36}},"3":{"start":{"line":19,"column":4},"end":{"line":28,"column":11}}},"fnMap":{"0":{"name":"(anonymous_0)","decl":{"start":{"line":9,"column":14},"end":{"line":9,"column":15}},"loc":{"start":{"line":9,"column":20},"end":{"line":13,"column":1}},"line":9},"1":{"name":"(anonymous_1)","decl":{"start":{"line":15,"column":2},"end":{"line":15,"column":3}},"loc":{"start":{"line":15,"column":11},"end":{"line":29,"column":3}},"line":15}},"branchMap":{"0":{"loc":{"start":{"line":27,"column":30},"end":{"line":27,"column":57}},"type":"cond-expr","locations":[{"start":{"line":27,"column":42},"end":{"line":27,"column":48}},{"start":{"line":27,"column":51},"end":{"line":27,"column":57}}],"line":27},"1":{"loc":{"start":{"line":27,"column":97},"end":{"line":27,"column":140}},"type":"cond-expr","locations":[{"start":{"line":27,"column":109},"end":{"line":27,"column":123}},{"start":{"line":27,"column":126},"end":{"line":27,"column":140}}],"line":27}},"s":{"0":2,"1":5,"2":5,"3":5},"f":{"0":2,"1":5},"b":{"0":[3,2],"1":[3,2]},"_coverageSchema":"332fd63041d2c1bcb487cc26dd0d5f7d97098a6c","hash":"4ab188d090639dba3cf746fabe04636d60de3768"}
,"/Users/tristadahleen/meet/src/EventList.js": {"path":"/Users/tristadahleen/meet/src/EventList.js","statementMap":{"0":{"start":{"line":6,"column":21},"end":{"line":6,"column":31}},"1":{"start":{"line":7,"column":4},"end":{"line":15,"column":6}},"2":{"start":{"line":10,"column":12},"end":{"line":12,"column":17}}},"fnMap":{"0":{"name":"(anonymous_0)","decl":{"start":{"line":5,"column":2},"end":{"line":5,"column":3}},"loc":{"start":{"line":5,"column":11},"end":{"line":16,"column":3}},"line":5},"1":{"name":"(anonymous_1)","decl":{"start":{"line":9,"column":22},"end":{"line":9,"column":23}},"loc":{"start":{"line":10,"column":12},"end":{"line":12,"column":17}},"line":10}},"branchMap":{},"s":{"0":1,"1":1,"2":2},"f":{"0":1,"1":2},"b":{},"_coverageSchema":"332fd63041d2c1bcb487cc26dd0d5f7d97098a6c","hash":"dc53206bccde1388005d68feb78f4bbb2bd03110"}
,"/Users/tristadahleen/meet/src/NumberOfEvents.js": {"path":"/Users/tristadahleen/meet/src/NumberOfEvents.js","statementMap":{"0":{"start":{"line":9,"column":16},"end":{"line":9,"column":34}},"1":{"start":{"line":10,"column":2},"end":{"line":12,"column":5}},"2":{"start":{"line":16,"column":30},"end":{"line":16,"column":40}},"3":{"start":{"line":17,"column":6},"end":{"line":25,"column":4}}},"fnMap":{"0":{"name":"(anonymous_0)","decl":{"start":{"line":8,"column":21},"end":{"line":8,"column":22}},"loc":{"start":{"line":8,"column":32},"end":{"line":13,"column":2}},"line":8},"1":{"name":"(anonymous_1)","decl":{"start":{"line":15,"column":4},"end":{"line":15,"column":5}},"loc":{"start":{"line":15,"column":13},"end":{"line":26,"column":5}},"line":15}},"branchMap":{},"s":{"0":1,"1":1,"2":3,"3":3},"f":{"0":1,"1":3},"b":{},"_coverageSchema":"332fd63041d2c1bcb487cc26dd0d5f7d97098a6c","hash":"f9288874c0fcf1050a040bfea7d981d11b3f0326"}
,"/Users/tristadahleen/meet/src/api.js": {"path":"/Users/tristadahleen/meet/src/api.js","statementMap":{"0":{"start":{"line":8,"column":33},"end":{"line":12,"column":3}},"1":{"start":{"line":9,"column":27},"end":{"line":9,"column":64}},"2":{"start":{"line":9,"column":49},"end":{"line":9,"column":63}},"3":{"start":{"line":10,"column":20},"end":{"line":10,"column":50}},"4":{"start":{"line":11,"column":4},"end":{"line":11,"column":21}}},"fnMap":{"0":{"name":"(anonymous_0)","decl":{"start":{"line":8,"column":33},"end":{"line":8,"column":34}},"loc":{"start":{"line":8,"column":45},"end":{"line":12,"column":3}},"line":8},"1":{"name":"(anonymous_1)","decl":{"start":{"line":9,"column":38},"end":{"line":9,"column":39}},"loc":{"start":{"line":9,"column":49},"end":{"line":9,"column":63}},"line":9}},"branchMap":{},"s":{"0":1,"1":2,"2":4,"3":2,"4":2},"f":{"0":2,"1":4},"b":{},"_coverageSchema":"332fd63041d2c1bcb487cc26dd0d5f7d97098a6c","hash":"f265d19c4f6c6b5261505f33a3972569db62277d"}
,"/Users/tristadahleen/meet/src/index.js": {"path":"/Users/tristadahleen/meet/src/index.js","statementMap":{"0":{"start":{"line":1,"column":0},"end":{"line":null,"column":-1}},"1":{"start":{"line":2,"column":0},"end":{"line":null,"column":-1}},"2":{"start":{"line":3,"column":0},"end":{"line":null,"column":-1}},"3":{"start":{"line":4,"column":0},"end":{"line":null,"column":-1}},"4":{"start":{"line":5,"column":0},"end":{"line":null,"column":-1}},"5":{"start":{"line":6,"column":0},"end":{"line":null,"column":-1}},"6":{"start":{"line":23,"column":0},"end":{"line":null,"column":-1}}},"fnMap":{},"branchMap":{},"s":{"0":0,"1":0,"2":0,"3":0,"4":0,"5":0,"6":0},"f":{},"b":{}}
,"/Users/tristadahleen/meet/src/mock-data.js": {"path":"/Users/tristadahleen/meet/src/mock-data.js","statementMap":{"0":{"start":{"line":1,"column":17},"end":{"line":80,"column":3}},"1":{"start":{"line":82,"column":0},"end":{"line":82,"column":37}}},"fnMap":{},"branchMap":{},"s":{"0":3,"1":3},"f":{},"b":{},"_coverageSchema":"332fd63041d2c1bcb487cc26dd0d5f7d97098a6c","hash":"adc554ecf79f875ccb81e41d3290c634cedfd772"}
,"/Users/tristadahleen/meet/src/reportWebVitals.js": {"path":"/Users/tristadahleen/meet/src/reportWebVitals.js","statementMap":{"0":{"start":{"line":1,"column":25},"end":{"line":1,"column":0}},"1":{"start":{"line":2,"column":2},"end":{"line":10,"column":3}},"2":{"start":{"line":3,"column":4},"end":{"line":null,"column":-1}},"3":{"start":{"line":3,"column":4},"end":{"line":3,"column":24}},"4":{"start":{"line":4,"column":6},"end":{"line":null,"column":-1}},"5":{"start":{"line":5,"column":6},"end":{"line":null,"column":-1}},"6":{"start":{"line":6,"column":6},"end":{"line":null,"column":-1}},"7":{"start":{"line":7,"column":6},"end":{"line":null,"column":-1}},"8":{"start":{"line":8,"column":6},"end":{"line":null,"column":-1}}},"fnMap":{"0":{"name":"(anonymous_3)","decl":{"start":{"line":1,"column":25},"end":{"line":1,"column":23}},"loc":{"start":{"line":1,"column":41},"end":{"line":1,"column":0}}},"1":{"name":"(anonymous_4)","decl":{"start":{"line":3,"column":4},"end":{"line":3,"column":10}},"loc":{"start":{"line":3,"column":4},"end":{"line":3,"column":24}}},"2":{"name":"(anonymous_5)","decl":{"start":{"line":3,"column":30},"end":{"line":3,"column":31}},"loc":{"start":{"line":3,"column":79},"end":{"line":3,"column":4}}}},"branchMap":{"0":{"loc":{"start":{"line":2,"column":2},"end":{"line":10,"column":3}},"type":"if","locations":[{"start":{"line":2,"column":2},"end":{"line":10,"column":3}},{"start":{"line":2,"column":2},"end":{"line":10,"column":3}}]},"1":{"loc":{"start":{"line":2,"column":6},"end":{"line":2,"column":17}},"type":"binary-expr","locations":[{"start":{"line":2,"column":6},"end":{"line":2,"column":17}},{"start":{"line":2,"column":21},"end":{"line":2,"column":2}}]}},"s":{"0":0,"1":0,"2":0,"3":0,"4":0,"5":0,"6":0,"7":0,"8":0},"f":{"0":0,"1":0,"2":0},"b":{"0":[0,0],"1":[0,0]}}
,"/Users/tristadahleen/meet/src/service-worker.js": {"path":"/Users/tristadahleen/meet/src/service-worker.js","statementMap":{"0":{"start":{"line":10,"column":0},"end":{"line":null,"column":-1}},"1":{"start":{"line":11,"column":0},"end":{"line":null,"column":-1}},"2":{"start":{"line":12,"column":0},"end":{"line":null,"column":-1}},"3":{"start":{"line":13,"column":0},"end":{"line":null,"column":-1}},"4":{"start":{"line":14,"column":0},"end":{"line":null,"column":-1}},"5":{"start":{"line":27,"column":28},"end":{"line":27,"column":0}},"6":{"start":{"line":32,"column":4},"end":{"line":30,"column":24}},"7":{"start":{"line":33,"column":6},"end":{"line":null,"column":-1}},"8":{"start":{"line":36,"column":4},"end":{"line":30,"column":24}},"9":{"start":{"line":37,"column":6},"end":{"line":null,"column":-1}},"10":{"start":{"line":40,"column":4},"end":{"line":30,"column":24}},"11":{"start":{"line":41,"column":6},"end":{"line":null,"column":-1}},"12":{"start":{"line":44,"column":4},"end":{"line":null,"column":-1}},"13":{"start":{"line":53,"column":15},"end":{"line":51,"column":0}},"14":{"start":{"line":67,"column":2},"end":{"line":69,"column":3}},"15":{"start":{"line":68,"column":4},"end":{"line":null,"column":-1}}},"fnMap":{"0":{"name":"(anonymous_0)","decl":{"start":{"line":30,"column":2},"end":{"line":30,"column":3}},"loc":{"start":{"line":30,"column":24},"end":{"line":28,"column":0}}},"1":{"name":"(anonymous_1)","decl":{"start":{"line":53,"column":2},"end":{"line":53,"column":3}},"loc":{"start":{"line":53,"column":15},"end":{"line":51,"column":0}}},"2":{"name":"(anonymous_2)","decl":{"start":{"line":66,"column":34},"end":{"line":66,"column":32}},"loc":{"start":{"line":66,"column":44},"end":{"line":66,"column":0}}}},"branchMap":{"0":{"loc":{"start":{"line":32,"column":4},"end":{"line":30,"column":24}},"type":"if","locations":[{"start":{"line":32,"column":4},"end":{"line":30,"column":24}},{"start":{"line":32,"column":4},"end":{"line":30,"column":24}}]},"1":{"loc":{"start":{"line":36,"column":4},"end":{"line":30,"column":24}},"type":"if","locations":[{"start":{"line":36,"column":4},"end":{"line":30,"column":24}},{"start":{"line":36,"column":4},"end":{"line":30,"column":24}}]},"2":{"loc":{"start":{"line":40,"column":4},"end":{"line":30,"column":24}},"type":"if","locations":[{"start":{"line":40,"column":4},"end":{"line":30,"column":24}},{"start":{"line":40,"column":4},"end":{"line":30,"column":24}}]},"3":{"loc":{"start":{"line":53,"column":15},"end":{"line":53,"column":14}},"type":"binary-expr","locations":[{"start":{"line":53,"column":15},"end":{"line":53,"column":14}},{"start":{"line":53,"column":54},"end":{"line":51,"column":0}}]},"4":{"loc":{"start":{"line":67,"column":2},"end":{"line":69,"column":3}},"type":"if","locations":[{"start":{"line":67,"column":2},"end":{"line":69,"column":3}},{"start":{"line":67,"column":2},"end":{"line":69,"column":3}}]},"5":{"loc":{"start":{"line":67,"column":6},"end":{"line":67,"column":5}},"type":"binary-expr","locations":[{"start":{"line":67,"column":6},"end":{"line":67,"column":5}},{"start":{"line":67,"column":20},"end":{"line":67,"column":2}}]}},"s":{"0":0,"1":0,"2":0,"3":0,"4":0,"5":0,"6":0,"7":0,"8":0,"9":0,"10":0,"11":0,"12":0,"13":0,"14":0,"15":0},"f":{"0":0,"1":0,"2":0},"b":{"0":[0,0],"1":[0,0],"2":[0,0],"3":[0,0],"4":[0,0],"5":[0,0]}}
,"/Users/tristadahleen/meet/src/serviceWorkerRegistration.js": {"path":"/Users/tristadahleen/meet/src/serviceWorkerRegistration.js","statementMap":{"0":{"start":{"line":13,"column":20},"end":{"line":13,"column":0}},"1":{"start":{"line":22,"column":2},"end":{"line":52,"column":3}},"2":{"start":{"line":24,"column":22},"end":{"line":24,"column":4}},"3":{"start":{"line":25,"column":4},"end":{"line":30,"column":5}},"4":{"start":{"line":29,"column":6},"end":{"line":null,"column":-1}},"5":{"start":{"line":32,"column":4},"end":{"line":null,"column":-1}},"6":{"start":{"line":33,"column":21},"end":{"line":33,"column":6}},"7":{"start":{"line":35,"column":6},"end":{"line":50,"column":7}},"8":{"start":{"line":37,"column":8},"end":{"line":35,"column":23}},"9":{"start":{"line":41,"column":8},"end":{"line":null,"column":-1}},"10":{"start":{"line":42,"column":10},"end":{"line":null,"column":-1}},"11":{"start":{"line":49,"column":8},"end":{"line":null,"column":-1}},"12":{"start":{"line":56,"column":2},"end":{"line":null,"column":-1}},"13":{"start":{"line":59,"column":6},"end":{"line":null,"column":-1}},"14":{"start":{"line":60,"column":33},"end":{"line":60,"column":8}},"15":{"start":{"line":61,"column":8},"end":{"line":63,"column":9}},"16":{"start":{"line":62,"column":10},"end":{"line":null,"column":-1}},"17":{"start":{"line":64,"column":8},"end":{"line":null,"column":-1}},"18":{"start":{"line":65,"column":10},"end":{"line":90,"column":11}},"19":{"start":{"line":66,"column":12},"end":{"line":89,"column":13}},"20":{"start":{"line":70,"column":14},"end":{"line":66,"column":52}},"21":{"start":{"line":76,"column":14},"end":{"line":78,"column":15}},"22":{"start":{"line":77,"column":16},"end":{"line":null,"column":-1}},"23":{"start":{"line":83,"column":14},"end":{"line":79,"column":19}},"24":{"start":{"line":86,"column":14},"end":{"line":88,"column":15}},"25":{"start":{"line":87,"column":16},"end":{"line":null,"column":-1}},"26":{"start":{"line":95,"column":6},"end":{"line":null,"column":-1}},"27":{"start":{"line":101,"column":2},"end":{"line":null,"column":-1}},"28":{"start":{"line":106,"column":26},"end":{"line":106,"column":6}},"29":{"start":{"line":107,"column":6},"end":{"line":120,"column":7}},"30":{"start":{"line":112,"column":8},"end":{"line":null,"column":-1}},"31":{"start":{"line":113,"column":10},"end":{"line":null,"column":-1}},"32":{"start":{"line":114,"column":12},"end":{"line":null,"column":-1}},"33":{"start":{"line":119,"column":8},"end":{"line":null,"column":-1}},"34":{"start":{"line":123,"column":6},"end":{"line":null,"column":-1}},"35":{"start":{"line":128,"column":2},"end":{"line":136,"column":3}},"36":{"start":{"line":129,"column":4},"end":{"line":null,"column":-1}},"37":{"start":{"line":131,"column":8},"end":{"line":null,"column":-1}},"38":{"start":{"line":134,"column":8},"end":{"line":null,"column":-1}}},"fnMap":{"0":{"name":"register","decl":{"start":{"line":21,"column":16},"end":{"line":21,"column":7}},"loc":{"start":{"line":21,"column":33},"end":{"line":53,"column":1}}},"1":{"name":"(anonymous_1)","decl":{"start":{"line":32,"column":36},"end":{"line":32,"column":41}},"loc":{"start":{"line":32,"column":42},"end":{"line":32,"column":4}}},"2":{"name":"(anonymous_2)","decl":{"start":{"line":41,"column":43},"end":{"line":41,"column":48}},"loc":{"start":{"line":41,"column":49},"end":{"line":41,"column":8}}},"3":{"name":"registerValidSW","decl":{"start":{"line":55,"column":9},"end":{"line":55,"column":0}},"loc":{"start":{"line":55,"column":40},"end":{"line":97,"column":1}}},"4":{"name":"(anonymous_4)","decl":{"start":{"line":58,"column":11},"end":{"line":58,"column":9}},"loc":{"start":{"line":58,"column":28},"end":{"line":56,"column":2}}},"5":{"name":"(anonymous_5)","decl":{"start":{"line":59,"column":35},"end":{"line":59,"column":40}},"loc":{"start":{"line":59,"column":41},"end":{"line":59,"column":6}}},"6":{"name":"(anonymous_6)","decl":{"start":{"line":64,"column":41},"end":{"line":64,"column":46}},"loc":{"start":{"line":64,"column":47},"end":{"line":64,"column":8}}},"7":{"name":"(anonymous_7)","decl":{"start":{"line":94,"column":12},"end":{"line":94,"column":10}},"loc":{"start":{"line":94,"column":22},"end":{"line":56,"column":2}}},"8":{"name":"checkValidServiceWorker","decl":{"start":{"line":99,"column":9},"end":{"line":99,"column":0}},"loc":{"start":{"line":99,"column":48},"end":{"line":125,"column":1}}},"9":{"name":"(anonymous_9)","decl":{"start":{"line":104,"column":11},"end":{"line":104,"column":9}},"loc":{"start":{"line":104,"column":24},"end":{"line":101,"column":2}}},"10":{"name":"(anonymous_10)","decl":{"start":{"line":112,"column":44},"end":{"line":112,"column":42}},"loc":{"start":{"line":112,"column":61},"end":{"line":112,"column":8}}},"11":{"name":"(anonymous_11)","decl":{"start":{"line":113,"column":41},"end":{"line":113,"column":46}},"loc":{"start":{"line":113,"column":47},"end":{"line":113,"column":10}}},"12":{"name":"(anonymous_12)","decl":{"start":{"line":122,"column":11},"end":{"line":122,"column":16}},"loc":{"start":{"line":122,"column":17},"end":{"line":101,"column":2}}},"13":{"name":"unregister","decl":{"start":{"line":127,"column":16},"end":{"line":127,"column":7}},"loc":{"start":{"line":127,"column":29},"end":{"line":137,"column":1}}},"14":{"name":"(anonymous_14)","decl":{"start":{"line":130,"column":13},"end":{"line":130,"column":11}},"loc":{"start":{"line":130,"column":30},"end":{"line":129,"column":4}}},"15":{"name":"(anonymous_15)","decl":{"start":{"line":133,"column":14},"end":{"line":133,"column":12}},"loc":{"start":{"line":133,"column":24},"end":{"line":129,"column":4}}}},"branchMap":{"0":{"loc":{"start":{"line":14,"column":2},"end":{"line":14,"column":1}},"type":"binary-expr","locations":[{"start":{"line":14,"column":2},"end":{"line":14,"column":1}},{"start":{"line":16,"column":4},"end":{"line":14,"column":2}},{"start":{"line":18,"column":4},"end":{"line":13,"column":27}}]},"1":{"loc":{"start":{"line":22,"column":2},"end":{"line":52,"column":3}},"type":"if","locations":[{"start":{"line":22,"column":2},"end":{"line":52,"column":3}},{"start":{"line":22,"column":2},"end":{"line":52,"column":3}}]},"2":{"loc":{"start":{"line":22,"column":6},"end":{"line":22,"column":5}},"type":"binary-expr","locations":[{"start":{"line":22,"column":6},"end":{"line":22,"column":5}},{"start":{"line":22,"column":47},"end":{"line":22,"column":2}}]},"3":{"loc":{"start":{"line":25,"column":4},"end":{"line":30,"column":5}},"type":"if","locations":[{"start":{"line":25,"column":4},"end":{"line":30,"column":5}},{"start":{"line":25,"column":4},"end":{"line":30,"column":5}}]},"4":{"loc":{"start":{"line":35,"column":6},"end":{"line":50,"column":7}},"type":"if","locations":[{"start":{"line":35,"column":6},"end":{"line":50,"column":7}},{"start":{"line":35,"column":6},"end":{"line":50,"column":7}}]},"5":{"loc":{"start":{"line":61,"column":8},"end":{"line":63,"column":9}},"type":"if","locations":[{"start":{"line":61,"column":8},"end":{"line":63,"column":9}},{"start":{"line":61,"column":8},"end":{"line":63,"column":9}}]},"6":{"loc":{"start":{"line":65,"column":10},"end":{"line":90,"column":11}},"type":"if","locations":[{"start":{"line":65,"column":10},"end":{"line":90,"column":11}},{"start":{"line":65,"column":10},"end":{"line":90,"column":11}}]},"7":{"loc":{"start":{"line":66,"column":12},"end":{"line":89,"column":13}},"type":"if","locations":[{"start":{"line":66,"column":12},"end":{"line":89,"column":13}},{"start":{"line":66,"column":12},"end":{"line":89,"column":13}}]},"8":{"loc":{"start":{"line":76,"column":14},"end":{"line":78,"column":15}},"type":"if","locations":[{"start":{"line":76,"column":14},"end":{"line":78,"column":15}},{"start":{"line":76,"column":14},"end":{"line":78,"column":15}}]},"9":{"loc":{"start":{"line":76,"column":18},"end":{"line":76,"column":24}},"type":"binary-expr","locations":[{"start":{"line":76,"column":18},"end":{"line":76,"column":24}},{"start":{"line":76,"column":28},"end":{"line":76,"column":14}}]},"10":{"loc":{"start":{"line":86,"column":14},"end":{"line":88,"column":15}},"type":"if","locations":[{"start":{"line":86,"column":14},"end":{"line":88,"column":15}},{"start":{"line":86,"column":14},"end":{"line":88,"column":15}}]},"11":{"loc":{"start":{"line":86,"column":18},"end":{"line":86,"column":24}},"type":"binary-expr","locations":[{"start":{"line":86,"column":18},"end":{"line":86,"column":24}},{"start":{"line":86,"column":28},"end":{"line":86,"column":14}}]},"12":{"loc":{"start":{"line":107,"column":6},"end":{"line":120,"column":7}},"type":"if","locations":[{"start":{"line":107,"column":6},"end":{"line":120,"column":7}},{"start":{"line":107,"column":6},"end":{"line":120,"column":7}}]},"13":{"loc":{"start":{"line":108,"column":8},"end":{"line":108,"column":7}},"type":"binary-expr","locations":[{"start":{"line":108,"column":8},"end":{"line":108,"column":7}},{"start":{"line":109,"column":9},"end":{"line":109,"column":8}},{"start":{"line":109,"column":32},"end":{"line":107,"column":6}}]},"14":{"loc":{"start":{"line":128,"column":2},"end":{"line":136,"column":3}},"type":"if","locations":[{"start":{"line":128,"column":2},"end":{"line":136,"column":3}},{"start":{"line":128,"column":2},"end":{"line":136,"column":3}}]}},"s":{"0":0,"1":0,"2":0,"3":0,"4":0,"5":0,"6":0,"7":0,"8":0,"9":0,"10":0,"11":0,"12":0,"13":0,"14":0,"15":0,"16":0,"17":0,"18":0,"19":0,"20":0,"21":0,"22":0,"23":0,"24":0,"25":0,"26":0,"27":0,"28":0,"29":0,"30":0,"31":0,"32":0,"33":0,"34":0,"35":0,"36":0,"37":0,"38":0},"f":{"0":0,"1":0,"2":0,"3":0,"4":0,"5":0,"6":0,"7":0,"8":0,"9":0,"10":0,"11":0,"12":0,"13":0,"14":0,"15":0},"b":{"0":[0,0,0],"1":[0,0],"2":[0,0],"3":[0,0],"4":[0,0],"5":[0,0],"6":[0,0],"7":[0,0],"8":[0,0],"9":[0,0],"10":[0,0],"11":[0,0],"12":[0,0],"13":[0,0,0],"14":[0,0]}}
,"/Users/tristadahleen/meet/src/setupTests.js": {"path":"/Users/tristadahleen/meet/src/setupTests.js","statementMap":{"0":{"start":{"line":6,"column":0},"end":{"line":6,"column":45}}},"fnMap":{},"branchMap":{},"s":{"0":5},"f":{},"b":{},"_coverageSchema":"332fd63041d2c1bcb487cc26dd0d5f7d97098a6c","hash":"17cfed77ba01a0f0b39764e7352a7ed52ca8e26e"}
}
